 [12-09-2017 20:49:55] [WerbeSystem] Der Eingetragende Werber von Mezzo () gibt es nicht.  
 [23-11-2017 00:08:01] [WerbeSystem] Mezzo1 hat Mezzo als Werber eingetragen.  
 [23-11-2017 01:45:05] [WerbeSystem] Der Eingetragende Werber von Mezzo2 () gibt es nicht.  
 [23-11-2017 20:04:49] [WerbeSystem] Der Eingetragende Werber von Mezzo2 () gibt es nicht.  
 [23-11-2017 22:03:40] [WerbeSystem] Der Eingetragende Werber von Mezzo3 () gibt es nicht.  
 [23-11-2017 22:17:06] [WerbeSystem] Der Eingetragende Werber von Mezzo4 () gibt es nicht.  
 [23-11-2017 22:22:32] [WerbeSystem] Der Eingetragende Werber von Mezzo5 () gibt es nicht.  
 [23-11-2017 22:28:50] [WerbeSystem] Mezzo6 hat Mezzo als Werber eingetragen.  
 [23-11-2017 22:39:24] [WerbeSystem] Der Eingetragende Werber von Mezzo7 () gibt es nicht.  
 [23-11-2017 22:46:16] [WerbeSystem] Der Eingetragende Werber von Mezzo8 () gibt es nicht.  
 [23-11-2017 22:55:43] [WerbeSystem] Der Eingetragende Werber von Mezzo9 () gibt es nicht.  
 [23-11-2017 23:07:31] [WerbeSystem] Der Eingetragende Werber von Mezzo10 () gibt es nicht.  
 [24-11-2017 00:03:23] [WerbeSystem] Der Eingetragende Werber von Mezzo11 () gibt es nicht.  
 [24-11-2017 00:08:59] [WerbeSystem] Der Eingetragende Werber von Mezzo12 () gibt es nicht.  
 [24-11-2017 00:12:10] [WerbeSystem] Der Eingetragende Werber von Mezzo13 () gibt es nicht.  
 [24-11-2017 00:13:60] [WerbeSystem] Der Eingetragende Werber von Mezzo14 () gibt es nicht.  
 [24-11-2017 00:48:38] [WerbeSystem] Der Eingetragende Werber von Mezzo15 () gibt es nicht.  
 [24-11-2017 01:24:31] [WerbeSystem] Der Eingetragende Werber von Mezzo16 () gibt es nicht.  
 [24-11-2017 15:38:20] [WerbeSystem] Der Eingetragende Werber von Mezzo17 () gibt es nicht.  
 [24-11-2017 15:42:40] [WerbeSystem] Der Eingetragende Werber von Mezzo18 () gibt es nicht.  
 [26-11-2017 18:00:40] [WerbeSystem] Der Eingetragende Werber von Mezzo69 () gibt es nicht.  
 [26-11-2017 23:36:09] [WerbeSystem] Der Eingetragende Werber von Mezzo69 () gibt es nicht.  
 [26-11-2017 23:43:59] [WerbeSystem] Der Eingetragende Werber von Mezzo () gibt es nicht.  
 [26-11-2017 23:51:20] [WerbeSystem] Mezzo2 hat Mezzo als Werber eingetragen.  
 [26-11-2017 23:55:60] [WerbeSystem] Der Eingetragende Werber von Mezzo3 () gibt es nicht.  
 [26-11-2017 23:58:57] [WerbeSystem] Der Eingetragende Werber von Mezzo4 () gibt es nicht.  
 [27-11-2017 00:06:09] [WerbeSystem] Der Eingetragende Werber von Mezzo6 () gibt es nicht.  
 [27-11-2017 00:59:22] [WerbeSystem] Der Eingetragende Werber von Mezzo7 () gibt es nicht.  
 [27-11-2017 01:00:15] [WerbeSystem] Mezzo8 hat Mezzo als Werber eingetragen.  
 [01-04-2018 23:31:15] [WerbeSystem] Der Eingetragende Werber von Mellon () gibt es nicht.  
 [02-04-2018 00:26:35] [WerbeSystem] Der Eingetragende Werber von Mellon1 () gibt es nicht.  
 [02-04-2018 00:33:02] [WerbeSystem] Der Eingetragende Werber von Mellon2 () gibt es nicht.  
 [20-05-2018 17:05:56] [WerbeSystem] Der Eingetragende Werber von Mezzo1111 () gibt es nicht.  
 [03-07-2018 23:28:11] [WerbeSystem] Der Eingetragende Werber von SupremeZebra55 () gibt es nicht.  
 [16-10-2018 18:16:06] [WerbeSystem] Der Eingetragende Werber von Mezzo99 () gibt es nicht.  
